Design Route Status
                                               :      # nets :
   ------------------------------------------- : ----------- :
<<<<<<< HEAD
   # of logical nets.......................... :        9499 :
       # of nets not needing routing.......... :        3821 :
           # of internally routed nets........ :        3784 :
           # of nets with no loads............ :          37 :
       # of routable nets..................... :        5678 :
           # of fully routed nets............. :        5678 :
=======
   # of logical nets.......................... :        7059 :
       # of nets not needing routing.......... :        3336 :
           # of internally routed nets........ :        3299 :
           # of nets with no loads............ :          37 :
       # of routable nets..................... :        3723 :
           # of fully routed nets............. :        3723 :
>>>>>>> 8d8951fe53392006346f0a5ba26bbcbabd6294a8
       # of nets with routing errors.......... :           0 :
   ------------------------------------------- : ----------- :

