Copyright 1986-2022 Xilinx, Inc. All Rights Reserved.
----------------------------------------------------------------------------------------------------------------------------------------------
| Tool Version     : Vivado v.2022.1 (win64) Build 3526262 Mon Apr 18 15:48:16 MDT 2022
| Date             : Mon Feb 12 20:57:19 2024
| Host             : DESKTOP-SK95JA6 running 64-bit major release  (build 9200)
| Command          : report_power -file Core_Top_power_routed.rpt -pb Core_Top_power_summary_routed.pb -rpx Core_Top_power_routed.rpx
| Design           : Core_Top
| Device           : xc7a15tcsg324-2
| Design State     : routed
| Grade            : commercial
| Process          : typical
| Characterization : Production
----------------------------------------------------------------------------------------------------------------------------------------------

Power Report

Table of Contents
-----------------
1. Summary
1.1 On-Chip Components
1.2 Power Supply Summary
1.3 Confidence Level
2. Settings
2.1 Environment
2.2 Clock Constraints
3. Detailed Reports
3.1 By Hierarchy

1. Summary
----------

+--------------------------+--------------+
| Total On-Chip Power (W)  | 0.245        |
| Design Power Budget (W)  | Unspecified* |
| Power Budget Margin (W)  | NA           |
| Dynamic (W)              | 0.172        |
| Device Static (W)        | 0.073        |
| Effective TJA (C/W)      | 4.8          |
| Max Ambient (C)          | 83.8         |
| Junction Temperature (C) | 26.2         |
| Confidence Level         | Low          |
| Setting File             | ---          |
| Simulation Activity File | ---          |
| Design Nets Matched      | NA           |
+--------------------------+--------------+
* Specify Design Power Budget using, set_operating_conditions -design_power_budget <value in Watts>


1.1 On-Chip Components
----------------------

+--------------------------+-----------+----------+-----------+-----------------+
| On-Chip                  | Power (W) | Used     | Available | Utilization (%) |
+--------------------------+-----------+----------+-----------+-----------------+
| Clocks                   |     0.002 |        9 |       --- |             --- |
| Slice Logic              |     0.021 |     8867 |       --- |             --- |
|   LUT as Logic           |     0.019 |     5109 |     10400 |           49.13 |
|   LUT as Distributed RAM |     0.001 |      568 |      9600 |            5.92 |
|   F7/F8 Muxes            |    <0.001 |     1366 |     32600 |            4.19 |
|   CARRY4                 |    <0.001 |      105 |      8150 |            1.29 |
|   Register               |    <0.001 |     1065 |     20800 |            5.12 |
|   BUFG                   |    <0.001 |        3 |        32 |            9.38 |
|   Others                 |     0.000 |       81 |       --- |             --- |
| Signals                  |     0.021 |     5667 |       --- |             --- |
| Block RAM                |     0.003 |     17.5 |        25 |           70.00 |
| MMCM                     |     0.122 |        1 |         5 |           20.00 |
| I/O                      |     0.003 |       31 |       210 |           14.76 |
| Static Power             |     0.073 |          |           |                 |
| Total                    |     0.245 |          |           |                 |
+--------------------------+-----------+----------+-----------+-----------------+


1.2 Power Supply Summary
------------------------

+-----------+-------------+-----------+-------------+------------+-------------+-------------+------------+
| Source    | Voltage (V) | Total (A) | Dynamic (A) | Static (A) | Powerup (A) | Budget (A)  | Margin (A) |
+-----------+-------------+-----------+-------------+------------+-------------+-------------+------------+
| Vccint    |       1.000 |     0.058 |       0.047 |      0.010 |       NA    | Unspecified | NA         |
| Vccaux    |       1.800 |     0.080 |       0.068 |      0.013 |       NA    | Unspecified | NA         |
| Vcco33    |       3.300 |     0.002 |       0.001 |      0.001 |       NA    | Unspecified | NA         |
| Vcco25    |       2.500 |     0.000 |       0.000 |      0.000 |       NA    | Unspecified | NA         |
| Vcco18    |       1.800 |     0.000 |       0.000 |      0.000 |       NA    | Unspecified | NA         |
| Vcco15    |       1.500 |     0.000 |       0.000 |      0.000 |       NA    | Unspecified | NA         |
| Vcco135   |       1.350 |     0.000 |       0.000 |      0.000 |       NA    | Unspecified | NA         |
| Vcco12    |       1.200 |     0.000 |       0.000 |      0.000 |       NA    | Unspecified | NA         |
| Vccaux_io |       1.800 |     0.000 |       0.000 |      0.000 |       NA    | Unspecified | NA         |
| Vccbram   |       1.000 |     0.001 |       0.000 |      0.001 |       NA    | Unspecified | NA         |
| MGTAVcc   |       1.000 |     0.000 |       0.000 |      0.000 |       NA    | Unspecified | NA         |
| MGTAVtt   |       1.200 |     0.000 |       0.000 |      0.000 |       NA    | Unspecified | NA         |
| Vccadc    |       1.800 |     0.020 |       0.000 |      0.020 |       NA    | Unspecified | NA         |
+-----------+-------------+-----------+-------------+------------+-------------+-------------+------------+


1.3 Confidence Level
--------------------

+-----------------------------+------------+--------------------------------------------------------+--------------------------------------------------------------------------------------------------------------------+
| User Input Data             | Confidence | Details                                                | Action                                                                                                             |
+-----------------------------+------------+--------------------------------------------------------+--------------------------------------------------------------------------------------------------------------------+
| Design implementation state | High       | Design is routed                                       |                                                                                                                    |
| Clock nodes activity        | Low        | User specified less than 75% of clocks                 | Provide missing clock activity with a constraint file, simulation results or by editing the "By Clock Domain" view |
| I/O nodes activity          | Low        | More than 75% of inputs are missing user specification | Provide missing input activity with simulation results or by editing the "By Resource Type -> I/Os" view           |
| Internal nodes activity     | Medium     | User specified less than 25% of internal nodes         | Provide missing internal nodes activity with simulation results or by editing the "By Resource Type" views         |
| Device models               | High       | Device models are Production                           |                                                                                                                    |
|                             |            |                                                        |                                                                                                                    |
| Overall confidence level    | Low        |                                                        |                                                                                                                    |
+-----------------------------+------------+--------------------------------------------------------+--------------------------------------------------------------------------------------------------------------------+


2. Settings
-----------

2.1 Environment
---------------

+-----------------------+--------------------------+
| Ambient Temp (C)      | 25.0                     |
| ThetaJA (C/W)         | 4.8                      |
| Airflow (LFM)         | 250                      |
| Heat Sink             | medium (Medium Profile)  |
| ThetaSA (C/W)         | 4.6                      |
| Board Selection       | medium (10"x10")         |
| # of Board Layers     | 12to15 (12 to 15 Layers) |
| Board Temperature (C) | 25.0                     |
+-----------------------+--------------------------+


2.2 Clock Constraints
---------------------

+--------------------+-------------------------------------------+-----------------+
| Clock              | Domain                                    | Constraint (ns) |
+--------------------+-------------------------------------------+-----------------+
| clk_52m_clk_wiz_1  | clk_gen_0/clk_gen/inst/clk_52m            |            19.2 |
| clk_52m_clk_wiz_1  | clk_gen_0/clk_gen/inst/clk_52m_clk_wiz_1  |            19.2 |
| clk_sys_clk_wiz_1  | clk_gen_0/clk_gen/inst/clk_sys_clk_wiz_1  |            54.6 |
| clk_vga_clk_wiz_1  | clk_gen_0/clk_gen/inst/clk_vga_clk_wiz_1  |            39.7 |
| clkfbout_clk_wiz_1 | clk_gen_0/clk_gen/inst/clkfbout_clk_wiz_1 |            50.0 |
| i_clk_main         | i_clk_main                                |            10.0 |
| z80_clk            | u_Core/plusOp[1]                          |           109.2 |
+--------------------+-------------------------------------------+-----------------+


3. Detailed Reports
-------------------

3.1 By Hierarchy
----------------

+-----------------------+-----------+
| Name                  | Power (W) |
+-----------------------+-----------+
| Core_Top              |     0.172 |
|   clk_gen_0           |     0.122 |
|     clk_gen           |     0.122 |
|       inst            |     0.122 |
|   u_Core              |     0.013 |
|     u_rams            |     0.003 |
|       u_rams          |     0.002 |
|     u_video           |     0.009 |
|       u_rom_5E        |     0.002 |
|       u_rom_5F        |     0.003 |
|   u_cpu               |     0.015 |
|     u0                |     0.015 |
|       Regs            |     0.005 |
|   u_crom              |     0.010 |
|     u_rom_6F          |     0.003 |
|       U0              |     0.003 |
|     u_rom_6H          |     0.003 |
|       U0              |     0.003 |
|     u_rom_6J          |     0.003 |
|       U0              |     0.003 |
|   u_vga_ctrl          |     0.009 |
|     u1                |     0.002 |
|       U0              |     0.002 |
|     u2                |     0.006 |
|       clut_mem        |     0.001 |
|       pixel_generator |     0.002 |
|       wbm             |     0.002 |
+-----------------------+-----------+


